<?xml version="1.0" encoding="UTF-8"?>
<!-- Generated by org.testng.reporters.JUnitXMLReporter -->
<testsuite hostname="DESKTOP-OUBGVRC" ignored="3" name="Test(failed)(failed)" tests="2" failures="0" timestamp="2023-01-11T18:57:27 IST" time="165.203" errors="0">
  <testcase name="verifyFinishButnTest" time="1.745" classname="TestCases.CheckoutOverviewTest"/>
  <testcase name="verifyCancelButnTest" time="8.208" classname="TestCases.CheckoutOverviewTest"/>
  <testcase name="verifyDescriptionTextTest" time="0.0" classname="TestCases.CheckoutOverviewTest">
    <ignored/>
  </testcase> <!-- verifyDescriptionTextTest -->
  <testcase name="verifyCheckoutOverviewTextTest" time="0.0" classname="TestCases.CheckoutOverviewTest">
    <ignored/>
  </testcase> <!-- verifyCheckoutOverviewTextTest -->
  <testcase name="verifyQuntyTextTest" time="0.0" classname="TestCases.CheckoutOverviewTest">
    <ignored/>
  </testcase> <!-- verifyQuntyTextTest -->
</testsuite> <!-- Test(failed)(failed) -->
